2021-02-11 20:59:32   INFO [SeleniumTest:26  ] : Get chromedriver
2021-02-11 20:59:33   INFO [SeleniumTest:31  ] : Open link: https://www.selenium.dev/downloads/
2021-02-11 20:59:34   INFO [SeleniumTest:37  ] : Open link: https://www.selenium.dev/projects/
2021-02-11 20:59:34   INFO [SeleniumTest:42  ] : Open link: https://www.selenium.dev/support/
2021-02-11 20:59:34   INFO [SeleniumTest:48  ] : Number of elements: 5
2021-02-11 20:59:34   INFO [SeleniumTest:50  ] : Values: Downloads
2021-02-11 20:59:34   INFO [SeleniumTest:50  ] : Values: Documentation
2021-02-11 20:59:34   INFO [SeleniumTest:50  ] : Values: Projects
2021-02-11 20:59:34   INFO [SeleniumTest:50  ] : Values: Support
2021-02-11 20:59:34   INFO [SeleniumTest:50  ] : Values: Blog
2021-02-11 20:59:35   INFO [SeleniumTest:53  ] : Close browser
2021-04-11 20:05:59   INFO [SeleniumTest:62  ] : Get chromedriver
2021-04-11 20:06:01   INFO [SeleniumTest:67  ] : Open link: https://www.selenium.dev/downloads/
2021-04-11 20:09:04   INFO [SeleniumTest:61  ] : Get chromedriver
2021-04-11 20:09:06   INFO [SeleniumTest:66  ] : Open link: https://www.selenium.dev/downloads/
2021-04-11 20:09:38   INFO [SeleniumTest:61  ] : Get chromedriver
2021-04-11 20:09:39   INFO [SeleniumTest:66  ] : Open link: https://www.selenium.dev/downloads/
2021-04-11 20:09:39   INFO [SeleniumTest:71  ] : Open link: https://www.selenium.dev/projects/
2021-04-11 20:09:40   INFO [SeleniumTest:76  ] : Close browser
2021-09-11 20:26:48   INFO [RegistrationTests:32  ] : Get chromedriver
2021-09-11 20:26:54   INFO [  MainPage:32  ] : Page was opened: http://automationpractice.com/
2021-09-11 20:28:27   INFO [RegistrationTests:32  ] : Get chromedriver
2021-09-11 20:28:33   INFO [  MainPage:32  ] : Page was opened: http://automationpractice.com/
2021-09-11 20:31:17   INFO [RegistrationTests:32  ] : Get chromedriver
2021-09-11 20:31:21   INFO [  MainPage:32  ] : Page was opened: http://automationpractice.com/
2021-09-11 20:32:14   INFO [RegistrationTests:32  ] : Get chromedriver
2021-09-11 20:32:21   INFO [  MainPage:32  ] : Page was opened: http://automationpractice.com/
2021-09-11 20:32:51   INFO [RegistrationTests:32  ] : Get chromedriver
2021-09-11 20:32:57   INFO [  MainPage:32  ] : Page was opened: http://automationpractice.com/
2021-09-11 20:34:16   INFO [RegistrationTests:32  ] : Get chromedriver
2021-09-11 20:34:23   INFO [  MainPage:32  ] : Page was opened: http://automationpractice.com/
2021-09-11 20:35:20   INFO [RegistrationTests:32  ] : Get chromedriver
2021-09-11 20:35:25   INFO [  MainPage:32  ] : Page was opened: http://automationpractice.com/
2021-09-11 20:36:49   INFO [RegistrationTests:32  ] : Get chromedriver
2021-09-11 20:36:58   INFO [  MainPage:32  ] : Page was opened: http://automationpractice.com/
2021-09-11 20:37:27   INFO [RegistrationTests:32  ] : Get chromedriver
2021-09-11 20:37:34   INFO [  MainPage:32  ] : Page was opened: http://automationpractice.com/
2021-09-11 20:39:14   INFO [RegistrationTests:32  ] : Get chromedriver
2021-09-11 20:39:19   INFO [  MainPage:32  ] : Page was opened: http://automationpractice.com/
2021-09-11 20:42:20   INFO [RegistrationTests:32  ] : Get chromedriver
2021-09-11 20:42:24   INFO [  MainPage:32  ] : Page was opened: http://automationpractice.com/
